==3584== Memcheck, a memory error detector
==3584== Copyright (C) 2002-2013, and GNU GPL'd, by Julian Seward et al.
==3584== Using Valgrind-3.10.1 and LibVEX; rerun with -h for copyright info
==3584== Command: ./test
==3584== 
OK==3584== 
==3584== HEAP SUMMARY:
==3584==     in use at exit: 40 bytes in 1 blocks
==3584==   total heap usage: 1 allocs, 0 frees, 40 bytes allocated
==3584== 
==3584== 40 bytes in 1 blocks are definitely lost in loss record 1 of 1
==3584==    at 0x4C2AB80: malloc (in /usr/lib/valgrind/vgpreload_memcheck-amd64-linux.so)
==3584==    by 0x40063E: main (test.c:7)
==3584== 
==3584== LEAK SUMMARY:
==3584==    definitely lost: 40 bytes in 1 blocks
==3584==    indirectly lost: 0 bytes in 0 blocks
==3584==      possibly lost: 0 bytes in 0 blocks
==3584==    still reachable: 0 bytes in 0 blocks
==3584==         suppressed: 0 bytes in 0 blocks
==3584== 
==3584== For counts of detected and suppressed errors, rerun with: -v
==3584== ERROR SUMMARY: 1 errors from 1 contexts (suppressed: 0 from 0)
